<?xml version="1.0" encoding="UTF-8"?>
<testsuite name="fhf.springframework.core.env.ProfilesTests" tests="1" skipped="0" failures="0" errors="0" timestamp="2021-12-24T07:30:04" hostname="fuhaifengdeMacBook-Pro.local" time="0.017">
  <properties/>
  <testcase name="test01()" classname="fhf.springframework.core.env.ProfilesTests" time="0.017"/>
  <system-out><![CDATA[i = 4
a
aa
bbb
cccc
]]></system-out>
  <system-err><![CDATA[]]></system-err>
</testsuite>
